ERROR:root:Ошибка: введено некорректное значение
ERROR:root:Ошибка: введено некорректное значение
INFO:root:Было загадано число: 25
ERROR:root:Ошибка: введено некорректное значение
INFO:root:Было загадано число: 2
INFO:root:Попытка 1. Пользователь ввел число: 4
INFO:root:Загаданное число меньше, чем введенное игроком
INFO:root:Попытка 2. Пользователь ввел число: 2
INFO:root:Игрок угадал число
INFO:root:Было загадано число: 2
INFO:root:Попытка 1. Пользователь ввел число: 5
INFO:root:Загаданное число меньше, чем введенное игроком
INFO:root:Попытка 2. Пользователь ввел число: 3
INFO:root:Загаданное число меньше, чем введенное игроком
INFO:root:Попытка 3. Пользователь ввел число: 0
INFO:root:Загаданное число больше, чем введенное игроком
INFO:root:Попытка 4. Пользователь ввел число: 1
INFO:root:Загаданное число больше, чем введенное игроком
INFO:root:Попытка 5. Пользователь ввел число: 2
INFO:root:Игрок угадал число
ERROR:root:Ошибка: введено некорректное значение
ERROR:root:Ошибка: введено некорректное значение
INFO:root:Было загадано число: 2
ERROR:root:Ошибка: введено некорректное значение
INFO:root:Было загадано число: 4
INFO:root:Попытка 1. Пользователь ввел число: 1
INFO:root:Загаданное число больше, чем введенное игроком
INFO:root:Попытка 2. Пользователь ввел число: 3
INFO:root:Загаданное число больше, чем введенное игроком
INFO:root:Попытка 3. Пользователь ввел число: 4
INFO:root:Игрок угадал число
INFO:root:Было загадано число: 5
INFO:root:Попытка 1. Пользователь ввел число: 6
INFO:root:Загаданное число меньше, чем введенное игроком
INFO:root:Попытка 2. Пользователь ввел число: 1
INFO:root:Загаданное число больше, чем введенное игроком
INFO:root:Попытка 3. Пользователь ввел число: 2
INFO:root:Загаданное число больше, чем введенное игроком
INFO:root:Попытки закончились
